[03-Sep-2025 10:28:33 America/New_York] PHP Parse error:  syntax error, unexpected 'else' (T_ELSE) in C:\Users\INFRACER\Downloads\Nueva carpeta\bolsa_empleo_buscador_v4\output\buttonhandler.php on line 1232
[03-Sep-2025 10:29:55 America/New_York] PHP Parse error:  syntax error, unexpected 'else' (T_ELSE) in C:\Users\INFRACER\Downloads\Nueva carpeta\bolsa_empleo_buscador_v4\output\buttonhandler.php on line 1233
[03-Sep-2025 10:31:57 America/New_York] PHP Parse error:  syntax error, unexpected 'else' (T_ELSE) in C:\Users\INFRACER\Downloads\Nueva carpeta\bolsa_empleo_buscador_v4\output\buttonhandler.php on line 1233
[03-Sep-2025 10:32:08 America/New_York] PHP Parse error:  syntax error, unexpected 'else' (T_ELSE) in C:\Users\INFRACER\Downloads\Nueva carpeta\bolsa_empleo_buscador_v4\output\buttonhandler.php on line 1233
[03-Sep-2025 10:37:14 America/New_York] PHP Parse error:  syntax error, unexpected 'else' (T_ELSE) in C:\Users\INFRACER\Downloads\Nueva carpeta\bolsa_empleo_buscador_v4\output\buttonhandler.php on line 1233
[03-Sep-2025 10:39:15 America/New_York] PHP Parse error:  syntax error, unexpected 'else' (T_ELSE) in C:\Users\INFRACER\Downloads\Nueva carpeta\bolsa_empleo_buscador_v4\output\buttonhandler.php on line 1233
[03-Sep-2025 10:43:36 America/New_York] PHP Parse error:  syntax error, unexpected 'else' (T_ELSE) in C:\Users\INFRACER\Downloads\Nueva carpeta\bolsa_empleo_buscador_v4\output\buttonhandler.php on line 1233
[03-Sep-2025 10:43:49 America/New_York] PHP Parse error:  syntax error, unexpected 'else' (T_ELSE) in C:\Users\INFRACER\Downloads\Nueva carpeta\bolsa_empleo_buscador_v4\output\buttonhandler.php on line 1233
[03-Sep-2025 10:47:12 America/New_York] PHP Parse error:  syntax error, unexpected 'else' (T_ELSE) in C:\Users\INFRACER\Downloads\Nueva carpeta\bolsa_empleo_buscador_v4\output\buttonhandler.php on line 1233
[03-Sep-2025 10:50:25 America/New_York] PHP Parse error:  syntax error, unexpected 'else' (T_ELSE) in C:\Users\INFRACER\Downloads\Nueva carpeta\bolsa_empleo_buscador_v4\output\buttonhandler.php on line 1233
[03-Sep-2025 10:56:48 America/New_York] PHP Parse error:  syntax error, unexpected 'else' (T_ELSE) in C:\Users\INFRACER\Downloads\Nueva carpeta\bolsa_empleo_buscador_v4\output\buttonhandler.php on line 1234
[03-Sep-2025 11:00:15 America/New_York] PHP Parse error:  syntax error, unexpected 'else' (T_ELSE) in C:\Users\INFRACER\Downloads\Nueva carpeta\bolsa_empleo_buscador_v4\output\buttonhandler.php on line 1234
[03-Sep-2025 11:01:26 America/New_York] PHP Parse error:  syntax error, unexpected 'else' (T_ELSE) in C:\Users\INFRACER\Downloads\Nueva carpeta\bolsa_empleo_buscador_v4\output\buttonhandler.php on line 1234
[03-Sep-2025 11:08:04 America/New_York] PHP Parse error:  syntax error, unexpected 'else' (T_ELSE) in C:\Users\INFRACER\Downloads\Nueva carpeta\bolsa_empleo_buscador_v4\output\buttonhandler.php on line 1245
[03-Sep-2025 11:09:25 America/New_York] PHP Parse error:  syntax error, unexpected 'else' (T_ELSE) in C:\Users\INFRACER\Downloads\Nueva carpeta\bolsa_empleo_buscador_v4\output\buttonhandler.php on line 1245
[03-Sep-2025 11:09:29 America/New_York] PHP Parse error:  syntax error, unexpected 'else' (T_ELSE) in C:\Users\INFRACER\Downloads\Nueva carpeta\bolsa_empleo_buscador_v4\output\buttonhandler.php on line 1245
[03-Sep-2025 11:09:58 America/New_York] PHP Parse error:  syntax error, unexpected 'else' (T_ELSE) in C:\Users\INFRACER\Downloads\Nueva carpeta\bolsa_empleo_buscador_v4\output\buttonhandler.php on line 1245
[03-Sep-2025 11:10:38 America/New_York] PHP Parse error:  syntax error, unexpected 'else' (T_ELSE) in C:\Users\INFRACER\Downloads\Nueva carpeta\bolsa_empleo_buscador_v4\output\buttonhandler.php on line 1245
[03-Sep-2025 11:11:18 America/New_York] PHP Parse error:  syntax error, unexpected 'else' (T_ELSE) in C:\Users\INFRACER\Downloads\Nueva carpeta\bolsa_empleo_buscador_v4\output\buttonhandler.php on line 1245
[03-Sep-2025 11:11:29 America/New_York] PHP Parse error:  syntax error, unexpected 'else' (T_ELSE) in C:\Users\INFRACER\Downloads\Nueva carpeta\bolsa_empleo_buscador_v4\output\buttonhandler.php on line 1245
[03-Sep-2025 11:13:43 America/New_York] PHP Parse error:  syntax error, unexpected 'else' (T_ELSE) in C:\Users\INFRACER\Downloads\Nueva carpeta\bolsa_empleo_buscador_v4\output\buttonhandler.php on line 1245
[03-Sep-2025 11:14:31 America/New_York] PHP Parse error:  syntax error, unexpected 'else' (T_ELSE) in C:\Users\INFRACER\Downloads\Nueva carpeta\bolsa_empleo_buscador_v4\output\buttonhandler.php on line 1246
[03-Sep-2025 11:15:14 America/New_York] PHP Parse error:  syntax error, unexpected 'else' (T_ELSE) in C:\Users\INFRACER\Downloads\Nueva carpeta\bolsa_empleo_buscador_v4\output\buttonhandler.php on line 1246
[03-Sep-2025 11:16:10 America/New_York] PHP Parse error:  syntax error, unexpected 'else' (T_ELSE) in C:\Users\INFRACER\Downloads\Nueva carpeta\bolsa_empleo_buscador_v4\output\buttonhandler.php on line 1246
[03-Sep-2025 11:17:52 America/New_York] PHP Parse error:  syntax error, unexpected 'else' (T_ELSE) in C:\Users\INFRACER\Downloads\Nueva carpeta\bolsa_empleo_buscador_v4\output\buttonhandler.php on line 1246
[03-Sep-2025 11:18:02 America/New_York] PHP Parse error:  syntax error, unexpected 'else' (T_ELSE) in C:\Users\INFRACER\Downloads\Nueva carpeta\bolsa_empleo_buscador_v4\output\buttonhandler.php on line 1246
[03-Sep-2025 11:19:28 America/New_York] PHP Parse error:  syntax error, unexpected 'else' (T_ELSE) in C:\Users\INFRACER\Downloads\Nueva carpeta\bolsa_empleo_buscador_v4\output\buttonhandler.php on line 1246
[03-Sep-2025 11:20:13 America/New_York] PHP Parse error:  syntax error, unexpected 'else' (T_ELSE) in C:\Users\INFRACER\Downloads\Nueva carpeta\bolsa_empleo_buscador_v4\output\buttonhandler.php on line 1246
[03-Sep-2025 12:30:53 America/New_York] PHP Parse error:  syntax error, unexpected 'else' (T_ELSE) in C:\Users\INFRACER\Downloads\Nueva carpeta\bolsa_empleo_buscador_v4\output\buttonhandler.php on line 1218
[03-Sep-2025 12:31:07 America/New_York] PHP Parse error:  syntax error, unexpected 'else' (T_ELSE) in C:\Users\INFRACER\Downloads\Nueva carpeta\bolsa_empleo_buscador_v4\output\buttonhandler.php on line 1218
[03-Sep-2025 12:49:27 America/New_York] PHP Parse error:  syntax error, unexpected 'else' (T_ELSE) in C:\Users\INFRACER\Downloads\Nueva carpeta\bolsa_empleo_buscador_v4\output\buttonhandler.php on line 1218
[03-Sep-2025 13:15:40 America/New_York] PHP Parse error:  syntax error, unexpected 'else' (T_ELSE) in C:\Users\INFRACER\Downloads\Nueva carpeta\bolsa_empleo_buscador_v4\output\buttonhandler.php on line 1218
[03-Sep-2025 13:21:23 America/New_York] PHP Fatal error:  Uncaught Error: Call to undefined function getabspath() in C:\Users\INFRACER\Downloads\Nueva carpeta\bolsa_empleo_buscador_v4\output\include\locale.php:3
Stack trace:
#0 C:\Users\INFRACER\Downloads\Nueva carpeta\bolsa_empleo_buscador_v4\output\include\dbcommon.php(87): include()
#1 C:\Users\INFRACER\Downloads\Nueva carpeta\bolsa_empleo_buscador_v4\output\sessioncontrol.php(4): require_once('C:\\Users\\INFRAC...')
#2 {main}
  thrown in C:\Users\INFRACER\Downloads\Nueva carpeta\bolsa_empleo_buscador_v4\output\include\locale.php on line 3
[03-Sep-2025 13:21:44 America/New_York] PHP Parse error:  syntax error, unexpected 'else' (T_ELSE) in C:\Users\INFRACER\Downloads\Nueva carpeta\bolsa_empleo_buscador_v4\output\buttonhandler.php on line 1218
[03-Sep-2025 13:25:44 America/New_York] PHP Parse error:  syntax error, unexpected 'else' (T_ELSE) in C:\Users\INFRACER\Downloads\Nueva carpeta\bolsa_empleo_buscador_v4\output\buttonhandler.php on line 1221
[04-Sep-2025 08:17:24 America/New_York] PHP Fatal error:  Maximum execution time of 30 seconds exceeded in C:\Users\INFRACER\Downloads\Nueva carpeta\bolsa_empleo_buscador_v4\output\include\phpfunctions.php on line 1864
[04-Sep-2025 08:17:45 America/New_York] PHP Fatal error:  Maximum execution time of 30 seconds exceeded in C:\Users\INFRACER\Downloads\Nueva carpeta\bolsa_empleo_buscador_v4\output\include\phpfunctions.php on line 1864
[04-Sep-2025 08:18:06 America/New_York] PHP Fatal error:  Maximum execution time of 30 seconds exceeded in C:\Users\INFRACER\Downloads\Nueva carpeta\bolsa_empleo_buscador_v4\output\include\phpfunctions.php on line 1864
[04-Sep-2025 08:18:52 America/New_York] PHP Fatal error:  Maximum execution time of 30 seconds exceeded in C:\Users\INFRACER\Downloads\Nueva carpeta\bolsa_empleo_buscador_v4\output\include\phpfunctions.php on line 1864
[04-Sep-2025 08:19:40 America/New_York] PHP Fatal error:  Maximum execution time of 30 seconds exceeded in C:\Users\INFRACER\Downloads\Nueva carpeta\bolsa_empleo_buscador_v4\output\include\phpfunctions.php on line 1864
[04-Sep-2025 08:27:40 America/New_York] PHP Fatal error:  Maximum execution time of 30 seconds exceeded in C:\Users\INFRACER\Downloads\Nueva carpeta\bolsa_empleo_buscador_v4\output\include\phpfunctions.php on line 1864
[04-Sep-2025 08:46:28 America/New_York] PHP Fatal error:  Maximum execution time of 30 seconds exceeded in C:\Users\INFRACER\Downloads\Nueva carpeta\bolsa_empleo_buscador_v4\output\include\phpfunctions.php on line 1864
[04-Sep-2025 08:46:49 America/New_York] PHP Fatal error:  Maximum execution time of 30 seconds exceeded in C:\Users\INFRACER\Downloads\Nueva carpeta\bolsa_empleo_buscador_v4\output\include\phpfunctions.php on line 1864
